# JRE version: OpenJDK Runtime Environment Temurin-24.0.2+12 (24.0.2+12) (build 24.0.2+12)
# Java VM: OpenJDK 64-Bit Server VM Temurin-24.0.2+12 (24.0.2+12, mixed mode, sharing, tiered, compressed oops, compressed class ptrs, g1 gc, windows-amd64)
GC Precious Log:
 CardTable entry size: 512
 Card Set container configuration: InlinePtr #cards 5 size 8 Array Of Cards #cards 10 size 36 Howl #buckets 4 coarsen threshold 1843 Howl Bitmap #cards 512 size 80 coarsen threshold 460 Card regions per heap region 1 cards per card region 2048
 CPUs: 12 total, 12 available
 Memory: 7518M
 Large Page Support: Disabled
 NUMA Support: Disabled
 Compressed Oops: Enabled (32-bit)
 Heap Region Size: 1M
 Heap Min Capacity: 8M
 Heap Initial Capacity: 118M
 Heap Max Capacity: 1880M
 Pre-touch: Disabled
 Parallel Workers: 10
 Concurrent Workers: 3
 Concurrent Refinement Workers: 10
 Periodic GC: Disabled
Heap:
 garbage-first heap   total reserved 1925120K, committed 204800K, used 100354K [0x000000008a800000, 0x0000000100000000)
  region size 1024K, 48 young (49152K), 10 survivors (10240K)
 Metaspace       used 112165K, committed 112832K, reserved 1179648K
  class space    used 12607K, committed 12864K, reserved 1048576K
GC Heap History (20 events):
Event: 9.091 GC heap before
{Heap before GC invocations=12 (full 0):
 garbage-first heap   total reserved 1925120K, committed 94208K, used 80335K [0x000000008a800000, 0x0000000100000000)
  region size 1024K, 47 young (48128K), 4 survivors (4096K)
 Metaspace       used 78487K, committed 79040K, reserved 1179648K
  class space    used 8359K, committed 8576K, reserved 1048576K
}
Event: 9.101 GC heap after
{Heap after GC invocations=13 (full 0):
 garbage-first heap   total reserved 1925120K, committed 94208K, used 37805K [0x000000008a800000, 0x0000000100000000)
  region size 1024K, 6 young (6144K), 6 survivors (6144K)
 Metaspace       used 78487K, committed 79040K, reserved 1179648K
  class space    used 8359K, committed 8576K, reserved 1048576K
}
Event: 9.635 GC heap before
{Heap before GC invocations=13 (full 0):
 garbage-first heap   total reserved 1925120K, committed 94208K, used 79789K [0x000000008a800000, 0x0000000100000000)
  region size 1024K, 48 young (49152K), 6 survivors (6144K)
 Metaspace       used 83755K, committed 84352K, reserved 1179648K
  class space    used 9394K, committed 9664K, reserved 1048576K
}
Event: 9.646 GC heap after
{Heap after GC invocations=14 (full 0):
 garbage-first heap   total reserved 1925120K, committed 94208K, used 40892K [0x000000008a800000, 0x0000000100000000)
  region size 1024K, 6 young (6144K), 6 survivors (6144K)
 Metaspace       used 83755K, committed 84352K, reserved 1179648K
  class space    used 9394K, committed 9664K, reserved 1048576K
}
Event: 9.955 GC heap before
{Heap before GC invocations=14 (full 0):
 garbage-first heap   total reserved 1925120K, committed 94208K, used 80828K [0x000000008a800000, 0x0000000100000000)
  region size 1024K, 45 young (46080K), 6 survivors (6144K)
 Metaspace       used 85803K, committed 86400K, reserved 1179648K
  class space    used 9723K, committed 9984K, reserved 1048576K
}
Event: 9.961 GC heap after
{Heap after GC invocations=15 (full 0):
 garbage-first heap   total reserved 1925120K, committed 94208K, used 44146K [0x000000008a800000, 0x0000000100000000)
  region size 1024K, 6 young (6144K), 6 survivors (6144K)
 Metaspace       used 85803K, committed 86400K, reserved 1179648K
  class space    used 9723K, committed 9984K, reserved 1048576K
}
Event: 10.075 GC heap before
{Heap before GC invocations=16 (full 0):
 garbage-first heap   total reserved 1925120K, committed 94208K, used 81010K [0x000000008a800000, 0x0000000100000000)
  region size 1024K, 42 young (43008K), 6 survivors (6144K)
 Metaspace       used 85803K, committed 86400K, reserved 1179648K
  class space    used 9723K, committed 9984K, reserved 1048576K
}
Event: 10.093 GC heap after
{Heap after GC invocations=17 (full 0):
 garbage-first heap   total reserved 1925120K, committed 98304K, used 55091K [0x000000008a800000, 0x0000000100000000)
  region size 1024K, 6 young (6144K), 6 survivors (6144K)
 Metaspace       used 85803K, committed 86400K, reserved 1179648K
  class space    used 9723K, committed 9984K, reserved 1048576K
}
Event: 10.137 GC heap before
{Heap before GC invocations=17 (full 0):
 garbage-first heap   total reserved 1925120K, committed 98304K, used 84787K [0x000000008a800000, 0x0000000100000000)
  region size 1024K, 35 young (35840K), 6 survivors (6144K)
 Metaspace       used 85803K, committed 86400K, reserved 1179648K
  class space    used 9723K, committed 9984K, reserved 1048576K
}
Event: 10.145 GC heap after
{Heap after GC invocations=18 (full 0):
 garbage-first heap   total reserved 1925120K, committed 98304K, used 59800K [0x000000008a800000, 0x0000000100000000)
  region size 1024K, 5 young (5120K), 5 survivors (5120K)
 Metaspace       used 85803K, committed 86400K, reserved 1179648K
  class space    used 9723K, committed 9984K, reserved 1048576K
}
Event: 10.180 GC heap before
{Heap before GC invocations=18 (full 0):
 garbage-first heap   total reserved 1925120K, committed 98304K, used 85400K [0x000000008a800000, 0x0000000100000000)
  region size 1024K, 30 young (30720K), 5 survivors (5120K)
 Metaspace       used 85803K, committed 86400K, reserved 1179648K
  class space    used 9723K, committed 9984K, reserved 1048576K
}
Event: 10.184 GC heap after
{Heap after GC invocations=19 (full 0):
 garbage-first heap   total reserved 1925120K, committed 98304K, used 60674K [0x000000008a800000, 0x0000000100000000)
  region size 1024K, 4 young (4096K), 4 survivors (4096K)
 Metaspace       used 85803K, committed 86400K, reserved 1179648K
  class space    used 9723K, committed 9984K, reserved 1048576K
}
Event: 10.242 GC heap before
{Heap before GC invocations=20 (full 0):
 garbage-first heap   total reserved 1925120K, committed 102400K, used 86274K [0x000000008a800000, 0x0000000100000000)
  region size 1024K, 29 young (29696K), 4 survivors (4096K)
 Metaspace       used 85804K, committed 86400K, reserved 1179648K
  class space    used 9724K, committed 9984K, reserved 1048576K
}
Event: 10.244 GC heap after
{Heap after GC invocations=21 (full 0):
 garbage-first heap   total reserved 1925120K, committed 102400K, used 59717K [0x000000008a800000, 0x0000000100000000)
  region size 1024K, 3 young (3072K), 3 survivors (3072K)
 Metaspace       used 85804K, committed 86400K, reserved 1179648K
  class space    used 9724K, committed 9984K, reserved 1048576K
}
Event: 10.280 GC heap before
{Heap before GC invocations=21 (full 0):
 garbage-first heap   total reserved 1925120K, committed 102400K, used 89413K [0x000000008a800000, 0x0000000100000000)
  region size 1024K, 32 young (32768K), 3 survivors (3072K)
 Metaspace       used 85804K, committed 86400K, reserved 1179648K
  class space    used 9724K, committed 9984K, reserved 1048576K
}
Event: 10.283 GC heap after
{Heap after GC invocations=22 (full 0):
 garbage-first heap   total reserved 1925120K, committed 204800K, used 56405K [0x000000008a800000, 0x0000000100000000)
  region size 1024K, 3 young (3072K), 3 survivors (3072K)
 Metaspace       used 85804K, committed 86400K, reserved 1179648K
  class space    used 9724K, committed 9984K, reserved 1048576K
}
Event: 11.469 GC heap before
{Heap before GC invocations=22 (full 0):
 garbage-first heap   total reserved 1925120K, committed 204800K, used 165973K [0x000000008a800000, 0x0000000100000000)
  region size 1024K, 110 young (112640K), 3 survivors (3072K)
 Metaspace       used 94481K, committed 95168K, reserved 1179648K
  class space    used 10686K, committed 10944K, reserved 1048576K
}
Event: 11.475 GC heap after
{Heap after GC invocations=23 (full 0):
 garbage-first heap   total reserved 1925120K, committed 204800K, used 58918K [0x000000008a800000, 0x0000000100000000)
  region size 1024K, 5 young (5120K), 5 survivors (5120K)
 Metaspace       used 94481K, committed 95168K, reserved 1179648K
  class space    used 10686K, committed 10944K, reserved 1048576K
}
Event: 205.219 GC heap before
{Heap before GC invocations=23 (full 0):
 garbage-first heap   total reserved 1925120K, committed 204800K, used 144934K [0x000000008a800000, 0x0000000100000000)
  region size 1024K, 90 young (92160K), 5 survivors (5120K)
 Metaspace       used 106589K, committed 107264K, reserved 1179648K
  class space    used 12134K, committed 12416K, reserved 1048576K
}
Event: 205.238 GC heap after
{Heap after GC invocations=24 (full 0):
 garbage-first heap   total reserved 1925120K, committed 204800K, used 63490K [0x000000008a800000, 0x0000000100000000)
  region size 1024K, 10 young (10240K), 10 survivors (10240K)
 Metaspace       used 106589K, committed 107264K, reserved 1179648K
  class space    used 12134K, committed 12416K, reserved 1048576K
}

